


ARM Macro Assembler    Page 1 


    1 00000000                 AREA             RESET,DATA,READONLY
    2 00000000                 EXPORT           __Vectors
    3 00000000         __Vectors
    4 00000000 10001000        DCD              0X10001000
    5 00000004 00000000        DCD              Reset_Handler
    6 00000008                 ALIGN
    7 00000008                 AREA             Code_pg,CODE,READONLY
    8 00000000                 ENTRY
    9 00000000                 EXPORT           Reset_Handler
   10 00000000         Reset_Handler
   11 00000000         
   12 00000000 4810            LDR              R0,=NUM
   13 00000002 4911            LDR              R1,=RES
   14 00000004 F04F 0208       MOV              R2,#8
   15 00000008         back
   16 00000008 F810 4B04       LDRB             R4,[R0],#4
   17 0000000C EA4F 1505       LSL              R5,#4
   18 00000010 EA45 0504       ORR              R5,R4
   19 00000014 F1A2 0201       SUB              R2,#1
   20 00000018 F092 0F00       TEQ              R2,#0
   21 0000001C D1F4            BNE              back
   22 0000001E 600D            STR              R5,[R1]
   23 00000020 E7FE    Stop    B                Stop
   24 00000022 00 00 00000001 
              00000002 
              00000003 
              00000004 
              00000005 
              00000006 
              00000007 
              00000008 NUM     DCD              0X1,0X2,0X3,0X4,0X5,0X6,0X7,0X8
   25 00000044 00000000 
              00000000         AREA             Data_pg,DATA,READWRITE
   26 00000000 00000000 
                       RES     DCD              0
                       
Command Line: --debug --xref --cpu=Cortex-M3 --apcs=interwork --depend=q1.d -oq
1.o -IC:\Keil\ARM\RV31\INC -IC:\Keil\ARM\CMSIS\Include -IC:\Keil\ARM\Inc\NXP\LP
C17xx --predefine="__EVAL SETA 1" --list=q1.lst q1.s



ARM Macro Assembler    Page 1 Alphabetic symbol ordering
Relocatable symbols

RESET 00000000

Symbol: RESET
   Definitions
      At line 1 in file q1.s
   Uses
      None
Comment: RESET unused
__Vectors 00000000

Symbol: __Vectors
   Definitions
      At line 3 in file q1.s
   Uses
      At line 2 in file q1.s
Comment: __Vectors used once
2 symbols



ARM Macro Assembler    Page 1 Alphabetic symbol ordering
Relocatable symbols

Code_pg 00000000

Symbol: Code_pg
   Definitions
      At line 7 in file q1.s
   Uses
      None
Comment: Code_pg unused
NUM 00000024

Symbol: NUM
   Definitions
      At line 24 in file q1.s
   Uses
      At line 12 in file q1.s
Comment: NUM used once
Reset_Handler 00000000

Symbol: Reset_Handler
   Definitions
      At line 10 in file q1.s
   Uses
      At line 5 in file q1.s
      At line 9 in file q1.s

Stop 00000020

Symbol: Stop
   Definitions
      At line 23 in file q1.s
   Uses
      At line 23 in file q1.s
Comment: Stop used once
back 00000008

Symbol: back
   Definitions
      At line 15 in file q1.s
   Uses
      At line 21 in file q1.s
Comment: back used once
5 symbols



ARM Macro Assembler    Page 1 Alphabetic symbol ordering
Relocatable symbols

Data_pg 00000000

Symbol: Data_pg
   Definitions
      At line 25 in file q1.s
   Uses
      None
Comment: Data_pg unused
RES 00000000

Symbol: RES
   Definitions
      At line 26 in file q1.s
   Uses
      At line 13 in file q1.s
Comment: RES used once
2 symbols
342 symbols in table
