


ARM Macro Assembler    Page 1 


    1 00000000                 AREA             RESET,DATA,READONLY
    2 00000000                 EXPORT           __Vectors
    3 00000000         __Vectors
    4 00000000 10001000        DCD              0X10001000
    5 00000004 00000000        DCD              Reset_Handler
    6 00000008                 ALIGN
    7 00000008                 AREA             Code_pg,CODE,READONLY
    8 00000000                 ENTRY
    9 00000000                 EXPORT           Reset_Handler
   10 00000000         Reset_Handler
   11 00000000         
   12 00000000 480D            LDR              R0,=NUM
   13 00000002 490E            LDR              R1,=RES
   14 00000004 F04F 0208       MOV              R2,#8
   15 00000008 6803            LDR              R3,[R0]
   16 0000000A F04F 0501       MOV              R5,#1
   17 0000000E F04F 0700       MOV              R7,#0
   18 00000012 F04F 080A       MOV              R8,#0X0A
   19 00000016         
   20 00000016         Loop
   21 00000016 F003 040F       AND              R4,R3,#0X0F
   22 0000001A EA4F 1313       LSR              R3,#4
   23 0000001E FB04 7705       MLA              R7,R4,R5,R7
   24 00000022 FB05 F508       MUL              R5,R5,R8
   25 00000026 F1A2 0201       SUB              R2,#1
   26 0000002A F092 0F00       TEQ              R2,#0
   27 0000002E D1F2            BNE              Loop
   28 00000030 600F            STR              R7,[R1]
   29 00000032 E7FE    Stop    B                Stop
   30 00000034 00000013 
                       NUM     DCD              0X00000013
   31 00000038 00000000 
              00000000         AREA             Data_pg,DATA,READWRITE
   32 00000000 00000000 
                       RES     DCD              0
                       
Command Line: --debug --xref --cpu=Cortex-M3 --apcs=interwork --depend=q2.d -oq
2.o -IC:\Keil\ARM\RV31\INC -IC:\Keil\ARM\CMSIS\Include -IC:\Keil\ARM\Inc\NXP\LP
C17xx --predefine="__EVAL SETA 1" --list=q2.lst q2.s



ARM Macro Assembler    Page 1 Alphabetic symbol ordering
Relocatable symbols

RESET 00000000

Symbol: RESET
   Definitions
      At line 1 in file q2.s
   Uses
      None
Comment: RESET unused
__Vectors 00000000

Symbol: __Vectors
   Definitions
      At line 3 in file q2.s
   Uses
      At line 2 in file q2.s
Comment: __Vectors used once
2 symbols



ARM Macro Assembler    Page 1 Alphabetic symbol ordering
Relocatable symbols

Code_pg 00000000

Symbol: Code_pg
   Definitions
      At line 7 in file q2.s
   Uses
      None
Comment: Code_pg unused
Loop 00000016

Symbol: Loop
   Definitions
      At line 20 in file q2.s
   Uses
      At line 27 in file q2.s
Comment: Loop used once
NUM 00000034

Symbol: NUM
   Definitions
      At line 30 in file q2.s
   Uses
      At line 12 in file q2.s
Comment: NUM used once
Reset_Handler 00000000

Symbol: Reset_Handler
   Definitions
      At line 10 in file q2.s
   Uses
      At line 5 in file q2.s
      At line 9 in file q2.s

Stop 00000032

Symbol: Stop
   Definitions
      At line 29 in file q2.s
   Uses
      At line 29 in file q2.s
Comment: Stop used once
5 symbols



ARM Macro Assembler    Page 1 Alphabetic symbol ordering
Relocatable symbols

Data_pg 00000000

Symbol: Data_pg
   Definitions
      At line 31 in file q2.s
   Uses
      None
Comment: Data_pg unused
RES 00000000

Symbol: RES
   Definitions
      At line 32 in file q2.s
   Uses
      At line 13 in file q2.s
Comment: RES used once
2 symbols
342 symbols in table
