


ARM Macro Assembler    Page 1 


    1 00000000                 AREA             RESET,DATA,READONLY
    2 00000000                 EXPORT           __Vectors
    3 00000000         __Vectors
    4 00000000 10001000        DCD              0X10001000
    5 00000004 00000000        DCD              Reset_Handler
    6 00000008                 ALIGN
    7 00000008                 AREA             Code_pg,CODE,READONLY
    8 00000000                 ENTRY
    9 00000000                 EXPORT           Reset_Handler
   10 00000000         Reset_Handler
   11 00000000         
   12 00000000 480E            LDR              R0,=NUM
   13 00000002 F04F 0108       MOV              R1,#8
   14 00000006 F04F 0200       MOV              R2,#0
   15 0000000A         back
   16 0000000A F810 3B01       LDRB             R3,[R0],#1
   17 0000000E F000 F810       BL               ascii_hex
   18 00000012 EA4F 1202       LSL              R2,#4
   19 00000016 EA42 0203       ORR              R2,R3
   20 0000001A F1A1 0101       SUB              R1,#1
   21 0000001E F091 0F00       TEQ              R1,#0
   22 00000022 D1F2            BNE              back
   23 00000024 4806            LDR              R0,=RES
   24 00000026 6002            STR              R2,[R0]
   25 00000028 E7FE    Stop    B                Stop
   26 0000002A 31 32 33 
              41 42 36 
              37 38    NUM     DCB              "123AB678"
   27 00000032         
   28 00000032         ascii_hex
   29 00000032 2B41            CMP              R3,#0x41
   30 00000034 BF34 3B30       SUBLO            R3,#0x30
   31 00000038 3B37            SUBHS            R3,#0x37
   32 0000003A 4770            BX               LR
   33 0000003C         
   34 0000003C 00000000 
              00000000         AREA             Data_pg,DATA,READWRITE
   35 00000000 00000000 
                       RES     DCD              0
                       
Command Line: --debug --xref --cpu=Cortex-M3 --apcs=interwork --depend=q3.d -oq
3.o -IC:\Keil\ARM\RV31\INC -IC:\Keil\ARM\CMSIS\Include -IC:\Keil\ARM\Inc\NXP\LP
C17xx --predefine="__EVAL SETA 1" --list=q3.lst q3.s



ARM Macro Assembler    Page 1 Alphabetic symbol ordering
Relocatable symbols

RESET 00000000

Symbol: RESET
   Definitions
      At line 1 in file q3.s
   Uses
      None
Comment: RESET unused
__Vectors 00000000

Symbol: __Vectors
   Definitions
      At line 3 in file q3.s
   Uses
      At line 2 in file q3.s
Comment: __Vectors used once
2 symbols



ARM Macro Assembler    Page 1 Alphabetic symbol ordering
Relocatable symbols

Code_pg 00000000

Symbol: Code_pg
   Definitions
      At line 7 in file q3.s
   Uses
      None
Comment: Code_pg unused
NUM 0000002A

Symbol: NUM
   Definitions
      At line 26 in file q3.s
   Uses
      At line 12 in file q3.s
Comment: NUM used once
Reset_Handler 00000000

Symbol: Reset_Handler
   Definitions
      At line 10 in file q3.s
   Uses
      At line 5 in file q3.s
      At line 9 in file q3.s

Stop 00000028

Symbol: Stop
   Definitions
      At line 25 in file q3.s
   Uses
      At line 25 in file q3.s
Comment: Stop used once
ascii_hex 00000032

Symbol: ascii_hex
   Definitions
      At line 28 in file q3.s
   Uses
      At line 17 in file q3.s
Comment: ascii_hex used once
back 0000000A

Symbol: back
   Definitions
      At line 15 in file q3.s
   Uses
      At line 22 in file q3.s
Comment: back used once
6 symbols



ARM Macro Assembler    Page 1 Alphabetic symbol ordering
Relocatable symbols

Data_pg 00000000

Symbol: Data_pg
   Definitions
      At line 34 in file q3.s
   Uses
      None
Comment: Data_pg unused
RES 00000000

Symbol: RES
   Definitions
      At line 35 in file q3.s
   Uses
      At line 23 in file q3.s
Comment: RES used once
2 symbols
343 symbols in table
