


ARM Macro Assembler    Page 1 


    1 00000000                 AREA             RESET, DATA, READONLY
    2 00000000                 EXPORT           __Vectors
    3 00000000         __Vectors
    4 00000000 40001000        DCD              0x40001000  ; stack pointer val
                                                            ue when stack is em
                                                            pty
    5 00000004 00000000        DCD              Reset_Handler ; reset vector
    6 00000008                 ALIGN
    7 00000008                 AREA             mycode, CODE, READONLY
    8 00000000                 ENTRY
    9 00000000                 EXPORT           Reset_Handler
   10 00000000         Reset_Handler
   11 00000000 4810            LDR              R0,=hex
   12 00000002 F04F 0500       MOV              R5,#0
   13 00000006 F04F 0720       MOV              R7,#32
   14 0000000A 6801            LDR              R1,[R0]
   15 0000000C F000 F807 
                       up2     BL               divide
   16 00000010 2900            CMP              R1,#0
   17 00000012 D1FB            BNE              up2
   18 00000014 480C            LDR              R0,=bcd
   19 00000016 FA25 F507       LSR              R5,R5,R7
   20 0000001A 6005            STR              R5,[R0]
   21 0000001C E7FE    STOP    B                STOP
   22 0000001E         divide
   23 0000001E F04F 0300       MOV              R3,#0
   24 00000022 290A    up1     CMP              R1,#0x0A
   25 00000024 D304            BLO              down
   26 00000026 F1A1 010A       SUB              R1,#0x0A
   27 0000002A F103 0301       ADD              R3,#1
   28 0000002E E7F8            B                up1
   29 00000030         down
   30 00000030 EA45 0501       ORR              R5,R5,R1
   31 00000034 EA4F 1535       ROR              R5,#4
   32 00000038 4619            MOV              R1,R3
   33 0000003A F1A7 0704       SUB              R7,#4
   34 0000003E 4770            BX               LR
   35 00000040 00000062 
                       hex     DCD              0x62
   36 00000044 00000000 
              00000000         AREA             mydata,DATA
   37 00000000 00000000 
                       bcd     DCD              0
                       
Command Line: --debug --xref --cpu=Cortex-M3 --apcs=interwork --depend=q4.d -oq
4.o -IC:\Keil\ARM\RV31\INC -IC:\Keil\ARM\CMSIS\Include -IC:\Keil\ARM\Inc\NXP\LP
C17xx --predefine="__EVAL SETA 1" --list=q4.lst q4.s



ARM Macro Assembler    Page 1 Alphabetic symbol ordering
Relocatable symbols

RESET 00000000

Symbol: RESET
   Definitions
      At line 1 in file q4.s
   Uses
      None
Comment: RESET unused
__Vectors 00000000

Symbol: __Vectors
   Definitions
      At line 3 in file q4.s
   Uses
      At line 2 in file q4.s
Comment: __Vectors used once
2 symbols



ARM Macro Assembler    Page 1 Alphabetic symbol ordering
Relocatable symbols

Reset_Handler 00000000

Symbol: Reset_Handler
   Definitions
      At line 10 in file q4.s
   Uses
      At line 5 in file q4.s
      At line 9 in file q4.s

STOP 0000001C

Symbol: STOP
   Definitions
      At line 21 in file q4.s
   Uses
      At line 21 in file q4.s
Comment: STOP used once
divide 0000001E

Symbol: divide
   Definitions
      At line 22 in file q4.s
   Uses
      At line 15 in file q4.s
Comment: divide used once
down 00000030

Symbol: down
   Definitions
      At line 29 in file q4.s
   Uses
      At line 25 in file q4.s
Comment: down used once
hex 00000040

Symbol: hex
   Definitions
      At line 35 in file q4.s
   Uses
      At line 11 in file q4.s
Comment: hex used once
mycode 00000000

Symbol: mycode
   Definitions
      At line 7 in file q4.s
   Uses
      None
Comment: mycode unused
up1 00000022

Symbol: up1
   Definitions
      At line 24 in file q4.s
   Uses
      At line 28 in file q4.s
Comment: up1 used once
up2 0000000C




ARM Macro Assembler    Page 2 Alphabetic symbol ordering
Relocatable symbols

Symbol: up2
   Definitions
      At line 15 in file q4.s
   Uses
      At line 17 in file q4.s
Comment: up2 used once
8 symbols



ARM Macro Assembler    Page 1 Alphabetic symbol ordering
Relocatable symbols

bcd 00000000

Symbol: bcd
   Definitions
      At line 37 in file q4.s
   Uses
      At line 18 in file q4.s
Comment: bcd used once
mydata 00000000

Symbol: mydata
   Definitions
      At line 36 in file q4.s
   Uses
      None
Comment: mydata unused
2 symbols
345 symbols in table
