


ARM Macro Assembler    Page 1 


    1 00000000                 AREA             RESET,DATA,READONLY
    2 00000000                 EXPORT           __Vectors
    3 00000000         __Vectors
    4 00000000 10001000        DCD              0X10001000
    5 00000004 00000000        DCD              Reset_Handler
    6 00000008                 ALIGN
    7 00000008                 AREA             Code_pg,CODE,READONLY
    8 00000000                 ENTRY
    9 00000000                 EXPORT           Reset_Handler
   10 00000000         Reset_Handler
   11 00000000         
   12 00000000 4813            LDR              R0,=ARR
   13 00000002 4914            LDR              R1,=NUM
   14 00000004 4A14            LDR              R2,=RES
   15 00000006         ;MOV R3,R0
   16 00000006 F04F 0401       MOV              R4,#1
   17 0000000A 680D            LDR              R5,[R1]
   18 0000000C         Loop
   19 0000000C F850 3B04       LDR              R3,[R0],#4
   20 00000010 429D            CMP              R5,R3
   21 00000012 D004            BEQ              Jump
   22 00000014 F104 0401       ADD              R4,#1
   23 00000018 F094 0F0A       TEQ              R4,#10
   24 0000001C D1F6            BNE              Loop
   25 0000001E         Jump
   26 0000001E 6014            STR              R4,[R2]
   27 00000020 E7FE    STOP    B                STOP
   28 00000022 00 00 00000010 
              00000020 
              00000030 
              00000040 
              00000050 
              00000060 
              00000070 
              00000080 
              00000090 
              00000100 ARR     DCD              0X010,0X020,0X030,0X040,0X050,0
X060,0X070,0X080,0X090,0X0100
   29 0000004C 00000040 
                       NUM     DCD              0X040
   30 00000050 00000000 
              00000000 
              00000000         AREA             Data_pg,DATA,READWRITE
   31 00000000 00000000 
                       RES     DCD              0
                       
Command Line: --debug --xref --cpu=Cortex-M3 --apcs=interwork --depend=Linear_S
earch.d -oLinear_Search.o -IC:\Keil\ARM\RV31\INC -IC:\Keil\ARM\CMSIS\Include -I
C:\Keil\ARM\Inc\NXP\LPC17xx --predefine="__EVAL SETA 1" --list=Linear_Search.ls
t Linear_Search.asm



ARM Macro Assembler    Page 1 Alphabetic symbol ordering
Relocatable symbols

RESET 00000000

Symbol: RESET
   Definitions
      At line 1 in file Linear_Search.asm
   Uses
      None
Comment: RESET unused
__Vectors 00000000

Symbol: __Vectors
   Definitions
      At line 3 in file Linear_Search.asm
   Uses
      At line 2 in file Linear_Search.asm
Comment: __Vectors used once
2 symbols



ARM Macro Assembler    Page 1 Alphabetic symbol ordering
Relocatable symbols

ARR 00000024

Symbol: ARR
   Definitions
      At line 28 in file Linear_Search.asm
   Uses
      At line 12 in file Linear_Search.asm
Comment: ARR used once
Code_pg 00000000

Symbol: Code_pg
   Definitions
      At line 7 in file Linear_Search.asm
   Uses
      None
Comment: Code_pg unused
Jump 0000001E

Symbol: Jump
   Definitions
      At line 25 in file Linear_Search.asm
   Uses
      At line 21 in file Linear_Search.asm
Comment: Jump used once
Loop 0000000C

Symbol: Loop
   Definitions
      At line 18 in file Linear_Search.asm
   Uses
      At line 24 in file Linear_Search.asm
Comment: Loop used once
NUM 0000004C

Symbol: NUM
   Definitions
      At line 29 in file Linear_Search.asm
   Uses
      At line 13 in file Linear_Search.asm
Comment: NUM used once
Reset_Handler 00000000

Symbol: Reset_Handler
   Definitions
      At line 10 in file Linear_Search.asm
   Uses
      At line 5 in file Linear_Search.asm
      At line 9 in file Linear_Search.asm

STOP 00000020

Symbol: STOP
   Definitions
      At line 27 in file Linear_Search.asm
   Uses
      At line 27 in file Linear_Search.asm
Comment: STOP used once
7 symbols



ARM Macro Assembler    Page 1 Alphabetic symbol ordering
Relocatable symbols

Data_pg 00000000

Symbol: Data_pg
   Definitions
      At line 30 in file Linear_Search.asm
   Uses
      None
Comment: Data_pg unused
RES 00000000

Symbol: RES
   Definitions
      At line 31 in file Linear_Search.asm
   Uses
      At line 14 in file Linear_Search.asm
Comment: RES used once
2 symbols
344 symbols in table
