


ARM Macro Assembler    Page 1 


    1 00000000                 AREA             RESET,DATA,READONLY
    2 00000000                 EXPORT           __Vectors
    3 00000000         __Vectors
    4 00000000 10001000        DCD              0X10001000
    5 00000004 00000000        DCD              Reset_Handler
    6 00000008                 ALIGN
    7 00000008         
    8 00000008                 AREA             mycode,CODE,READONLY
    9 00000000                 ENTRY
   10 00000000                 EXPORT           Reset_Handler
   11 00000000         Reset_Handler
   12 00000000 F04F 0129       LDR              R1,=0X29
   13 00000004 F04F 0256       LDR              R2,=0X56
   14 00000008 F04F 0398       LDR              R3,=0X98
   15 0000000C F04F 0412       LDR              R4,=0X12
   16 00000010 F04F 0599       LDR              R5,=0X99
   17 00000014 F04F 0615       LDR              R6,=0X15
   18 00000018 F04F 0721       LDR              R7,=0X21
   19 0000001C F04F 0830       LDR              R8,=0X30
   20 00000020 F04F 0922       LDR              R9,=0X22
   21 00000024 F04F 0A28       LDR              R10,=0X28
   22 00000028         
   23 00000028 F04F 5080       LDR              R0,=0X10000000 ;stack ptr
   24 0000002C E8A0 07FE       STM              R0!,{R1-R10}
   25 00000030 4681            MOV              R9,R0
   26 00000032 F1A0 0028       SUB              R0,#40
   27 00000036 F04F 0809       MOV              R8,#9       ;parse
   28 0000003A         label1
   29 0000003A 4647            MOV              R7,R8       ;comparision
   30 0000003C 4601            MOV              R1,R0
   31 0000003E         label2
   32 0000003E 6802            LDR              R2,[R0]
   33 00000040 F851 3F04       LDR              R3,[R1,#4]!
   34 00000044 429A            CMP              R2,R3
   35 00000046 D901            BLS              skip1
   36 00000048 600A            STR              R2,[R1]
   37 0000004A 6003            STR              R3,[R0]
   38 0000004C         
   39 0000004C         skip1
   40 0000004C F1A7 0701       SUB              R7,#1
   41 00000050 F097 0F00       TEQ              R7,#0
   42 00000054 D1F3            BNE              label2
   43 00000056 F100 0004       ADD              R0,#4
   44 0000005A F1A8 0801       SUB              R8,#1
   45 0000005E F098 0F00       TEQ              R8,#0
   46 00000062 D1EA            BNE              label1
   47 00000064         
   48 00000064 4648            MOV              R0,R9
   49 00000066 E910 07FE       LDMDB            R0,{R1-R10}
   50 0000006A E7FE    stop    B                stop
   51 0000006C         
   52 0000006C         
   53 0000006C         
   54 0000006C         
   55 0000006C         
   56 0000006C         
                       
Command Line: --debug --xref --cpu=Cortex-M3 --apcs=interwork --depend=Selectio
nSort_Asc.d -oSelectionSort_Asc.o -IC:\Keil\ARM\RV31\INC -IC:\Keil\ARM\CMSIS\In



ARM Macro Assembler    Page 2 


clude -IC:\Keil\ARM\Inc\NXP\LPC17xx --predefine="__EVAL SETA 1" --list=Selectio
nSort_Asc.lst SelectionSort_Asc.asm



ARM Macro Assembler    Page 1 Alphabetic symbol ordering
Relocatable symbols

RESET 00000000

Symbol: RESET
   Definitions
      At line 1 in file SelectionSort_Asc.asm
   Uses
      None
Comment: RESET unused
__Vectors 00000000

Symbol: __Vectors
   Definitions
      At line 3 in file SelectionSort_Asc.asm
   Uses
      At line 2 in file SelectionSort_Asc.asm
Comment: __Vectors used once
2 symbols



ARM Macro Assembler    Page 1 Alphabetic symbol ordering
Relocatable symbols

Reset_Handler 00000000

Symbol: Reset_Handler
   Definitions
      At line 11 in file SelectionSort_Asc.asm
   Uses
      At line 5 in file SelectionSort_Asc.asm
      At line 10 in file SelectionSort_Asc.asm

label1 0000003A

Symbol: label1
   Definitions
      At line 28 in file SelectionSort_Asc.asm
   Uses
      At line 46 in file SelectionSort_Asc.asm
Comment: label1 used once
label2 0000003E

Symbol: label2
   Definitions
      At line 31 in file SelectionSort_Asc.asm
   Uses
      At line 42 in file SelectionSort_Asc.asm
Comment: label2 used once
mycode 00000000

Symbol: mycode
   Definitions
      At line 8 in file SelectionSort_Asc.asm
   Uses
      None
Comment: mycode unused
skip1 0000004C

Symbol: skip1
   Definitions
      At line 39 in file SelectionSort_Asc.asm
   Uses
      At line 35 in file SelectionSort_Asc.asm
Comment: skip1 used once
stop 0000006A

Symbol: stop
   Definitions
      At line 50 in file SelectionSort_Asc.asm
   Uses
      At line 50 in file SelectionSort_Asc.asm
Comment: stop used once
6 symbols
339 symbols in table
