


ARM Macro Assembler    Page 1 


    1 00000000                 AREA             RESET, DATA, READONLY
    2 00000000                 EXPORT           __Vectors
    3 00000000         __Vectors
    4 00000000 40001000        DCD              0x40001000
    5 00000004 00000000        DCD              Reset_Handler
    6 00000008                 ALIGN
    7 00000008                 AREA             mycode, CODE, READONLY
    8 00000000                 ENTRY
    9 00000000                 EXPORT           Reset_Handler
   10 00000000         Reset_Handler
   11 00000000 4806            LDR              R0, = src
   12 00000002 4907            LDR              R1, = DST
   13 00000004 F04F 030A       MOV              R3,#10
   14 00000008         up
   15 00000008 F850 2B04       LDR              R2,[R0],#4
   16 0000000C F841 2B04       STR              R2,[R1],#4
   17 00000010 F1A3 0301       SUB              R3,#1
   18 00000014 F093 0F00       TEQ              R3,#0
   19 00000018 D1F6            BNE              up
   20 0000001A E7FE    STOP    B                STOP
   21 0000001C 00000000 
              00000000         AREA             data1, DATA, READWRITE
   22 00000000 00000000 
              00000000 
              00000000 
              00000000 
              00000000 
              00000000 
              00000000 
              00000000 
              00000000 
              00000000 src     DCD              0,0,0,0,0,0,0,0,0,0
   23 00000028 00000000 
              00000000 
              00000000 
              00000000 
              00000000 
              00000000 
              00000000 
              00000000 
              00000000 
              00000000 DST     DCD              0,0,0,0,0,0,0,0,0,0
                       
Command Line: --debug --xref --cpu=Cortex-M3 --apcs=interwork --depend=prog1.d 
-oprog1.o -IC:\Keil\ARM\RV31\INC -IC:\Keil\ARM\CMSIS\Include -IC:\Keil\ARM\Inc\
NXP\LPC17xx --predefine="__EVAL SETA 1" --list=prog1.lst prog1.s



ARM Macro Assembler    Page 1 Alphabetic symbol ordering
Relocatable symbols

RESET 00000000

Symbol: RESET
   Definitions
      At line 1 in file prog1.s
   Uses
      None
Comment: RESET unused
__Vectors 00000000

Symbol: __Vectors
   Definitions
      At line 3 in file prog1.s
   Uses
      At line 2 in file prog1.s
Comment: __Vectors used once
2 symbols



ARM Macro Assembler    Page 1 Alphabetic symbol ordering
Relocatable symbols

Reset_Handler 00000000

Symbol: Reset_Handler
   Definitions
      At line 10 in file prog1.s
   Uses
      At line 5 in file prog1.s
      At line 9 in file prog1.s

STOP 0000001A

Symbol: STOP
   Definitions
      At line 20 in file prog1.s
   Uses
      At line 20 in file prog1.s
Comment: STOP used once
mycode 00000000

Symbol: mycode
   Definitions
      At line 7 in file prog1.s
   Uses
      None
Comment: mycode unused
up 00000008

Symbol: up
   Definitions
      At line 14 in file prog1.s
   Uses
      At line 19 in file prog1.s
Comment: up used once
4 symbols



ARM Macro Assembler    Page 1 Alphabetic symbol ordering
Relocatable symbols

DST 00000028

Symbol: DST
   Definitions
      At line 23 in file prog1.s
   Uses
      At line 12 in file prog1.s
Comment: DST used once
data1 00000000

Symbol: data1
   Definitions
      At line 21 in file prog1.s
   Uses
      None
Comment: data1 unused
src 00000000

Symbol: src
   Definitions
      At line 22 in file prog1.s
   Uses
      At line 11 in file prog1.s
Comment: src used once
3 symbols
342 symbols in table
