


ARM Macro Assembler    Page 1 


    1 00000000                 AREA             RESET, DATA, READONLY
    2 00000000                 EXPORT           __Vectors
    3 00000000         __Vectors
    4 00000000 10001000        DCD              0x10001000
    5 00000004 00000000        DCD              Reset_Handler
    6 00000008                 ALIGN
    7 00000008         
    8 00000008                 AREA             mycode, CODE, READONLY
    9 00000000                 ENTRY
   10 00000000                 EXPORT           Reset_Handler
   11 00000000         Reset_Handler
   12 00000000 480C            LDR              R0,=num1
   13 00000002 490D            LDR              R1,=num2
   14 00000004 F04F 0200       MOV              R2, #0
   15 00000008 F04F 0300       MOV              R3, #0
   16 0000000C 680D            LDR              R5,[R1]
   17 0000000E         Loop
   18 0000000E 6804            LDR              R4,[R0]
   19 00000010 1912            ADDS             R2,R4
   20 00000012 F143 0300       ADC              R3,#0
   21 00000016 F1A5 0501       SUB              R5,#1
   22 0000001A F095 0F00       TEQ              R5,#0
   23 0000001E D1F6            BNE              Loop
   24 00000020 4806            LDR              R0, =result
   25 00000022 F840 2B04       STR              R2,[R0],#4
   26 00000026 6003            STR              R3,[R0]
   27 00000028 E7FE    Stop    B                Stop
   28 0000002A 00 00 00000005 
                       num1    DCD              5
   29 00000030 00000002 
                       num2    DCD              2
   30 00000034 00000000 
              00000000 
              00000000         AREA             Data_pg,DATA,READWRITE
   31 00000000 00000000 
              00000000 result  DCD              0, 0
                       
Command Line: --debug --xref --cpu=Cortex-M3 --apcs=interwork --depend=q1-mul.d
 -oq1-mul.o -IC:\Keil\ARM\RV31\INC -IC:\Keil\ARM\CMSIS\Include -IC:\Keil\ARM\In
c\NXP\LPC17xx --predefine="__EVAL SETA 1" --list=q1-mul.lst q1-mul.s



ARM Macro Assembler    Page 1 Alphabetic symbol ordering
Relocatable symbols

RESET 00000000

Symbol: RESET
   Definitions
      At line 1 in file q1-mul.s
   Uses
      None
Comment: RESET unused
__Vectors 00000000

Symbol: __Vectors
   Definitions
      At line 3 in file q1-mul.s
   Uses
      At line 2 in file q1-mul.s
Comment: __Vectors used once
2 symbols



ARM Macro Assembler    Page 1 Alphabetic symbol ordering
Relocatable symbols

Loop 0000000E

Symbol: Loop
   Definitions
      At line 17 in file q1-mul.s
   Uses
      At line 23 in file q1-mul.s
Comment: Loop used once
Reset_Handler 00000000

Symbol: Reset_Handler
   Definitions
      At line 11 in file q1-mul.s
   Uses
      At line 5 in file q1-mul.s
      At line 10 in file q1-mul.s

Stop 00000028

Symbol: Stop
   Definitions
      At line 27 in file q1-mul.s
   Uses
      At line 27 in file q1-mul.s
Comment: Stop used once
mycode 00000000

Symbol: mycode
   Definitions
      At line 8 in file q1-mul.s
   Uses
      None
Comment: mycode unused
num1 0000002C

Symbol: num1
   Definitions
      At line 28 in file q1-mul.s
   Uses
      At line 12 in file q1-mul.s
Comment: num1 used once
num2 00000030

Symbol: num2
   Definitions
      At line 29 in file q1-mul.s
   Uses
      At line 13 in file q1-mul.s
Comment: num2 used once
6 symbols



ARM Macro Assembler    Page 1 Alphabetic symbol ordering
Relocatable symbols

Data_pg 00000000

Symbol: Data_pg
   Definitions
      At line 30 in file q1-mul.s
   Uses
      None
Comment: Data_pg unused
result 00000000

Symbol: result
   Definitions
      At line 31 in file q1-mul.s
   Uses
      At line 24 in file q1-mul.s
Comment: result used once
2 symbols
343 symbols in table
